
> helpdesk-frontend@1.0.0 dev
> vite


  VITE v5.4.21  ready in 181 ms

  ➜  Local:   http://localhost:5173/
  ➜  Network: use --host to expose
10:12:52 PM [vite] hmr update /src/pages/AdminPanel.jsx, /src/index.css
10:13:34 PM [vite] hmr update /src/pages/AdminPanel.jsx, /src/index.css
10:14:52 PM [vite] hmr update /src/pages/TicketDetail.jsx, /src/index.css
10:16:00 PM [vite] hmr update /src/pages/Reports.jsx, /src/index.css
10:26:57 PM [vite] hmr update /src/pages/TicketCreate.jsx, /src/index.css
10:26:57 PM [vite] Internal server error: /Users/sudhanshugaur/Downloads/helpdesk_project-main/frontend/src/pages/TicketCreate.jsx: Unexpected token (307:4)

  305 |             </form>
  306 |         </div>
> 307 |     );
      |     ^
  308 | };
  309 |
  310 | export default TicketCreate;
  Plugin: vite:react-babel
  File: /Users/sudhanshugaur/Downloads/helpdesk_project-main/frontend/src/pages/TicketCreate.jsx:307:4
  305|              </form>
  306|          </div>
  307|      );
     |      ^
  308|  };
  309|  
      at constructor (/Users/sudhanshugaur/Downloads/helpdesk_project-main/frontend/node_modules/@babel/parser/lib/index.js:365:19)
      at JSXParserMixin.raise (/Users/sudhanshugaur/Downloads/helpdesk_project-main/frontend/node_modules/@babel/parser/lib/index.js:6599:19)
      at JSXParserMixin.unexpected (/Users/sudhanshugaur/Downloads/helpdesk_project-main/frontend/node_modules/@babel/parser/lib/index.js:6619:16)
      at JSXParserMixin.parseExprAtom (/Users/sudhanshugaur/Downloads/helpdesk_project-main/frontend/node_modules/@babel/parser/lib/index.js:11442:22)
      at JSXParserMixin.parseExprAtom (/Users/sudhanshugaur/Downloads/helpdesk_project-main/frontend/node_modules/@babel/parser/lib/index.js:4764:20)
      at JSXParserMixin.parseExprSubscripts (/Users/sudhanshugaur/Downloads/helpdesk_project-main/frontend/node_modules/@babel/parser/lib/index.js:11081:23)
      at JSXParserMixin.parseUpdate (/Users/sudhanshugaur/Downloads/helpdesk_project-main/frontend/node_modules/@babel/parser/lib/index.js:11066:21)
      at JSXParserMixin.parseMaybeUnary (/Users/sudhanshugaur/Downloads/helpdesk_project-main/frontend/node_modules/@babel/parser/lib/index.js:11046:23)
      at JSXParserMixin.parseMaybeUnaryOrPrivate (/Users/sudhanshugaur/Downloads/helpdesk_project-main/frontend/node_modules/@babel/parser/lib/index.js:10899:61)
      at JSXParserMixin.parseExprOps (/Users/sudhanshugaur/Downloads/helpdesk_project-main/frontend/node_modules/@babel/parser/lib/index.js:10904:23)
      at JSXParserMixin.parseMaybeConditional (/Users/sudhanshugaur/Downloads/helpdesk_project-main/frontend/node_modules/@babel/parser/lib/index.js:10881:23)
      at JSXParserMixin.parseMaybeAssign (/Users/sudhanshugaur/Downloads/helpdesk_project-main/frontend/node_modules/@babel/parser/lib/index.js:10831:21)
      at JSXParserMixin.parseExpressionBase (/Users/sudhanshugaur/Downloads/helpdesk_project-main/frontend/node_modules/@babel/parser/lib/index.js:10784:23)
      at /Users/sudhanshugaur/Downloads/helpdesk_project-main/frontend/node_modules/@babel/parser/lib/index.js:10780:39
      at JSXParserMixin.allowInAnd (/Users/sudhanshugaur/Downloads/helpdesk_project-main/frontend/node_modules/@babel/parser/lib/index.js:12421:16)
      at JSXParserMixin.parseExpression (/Users/sudhanshugaur/Downloads/helpdesk_project-main/frontend/node_modules/@babel/parser/lib/index.js:10780:17)
      at JSXParserMixin.parseStatementContent (/Users/sudhanshugaur/Downloads/helpdesk_project-main/frontend/node_modules/@babel/parser/lib/index.js:12895:23)
      at JSXParserMixin.parseStatementLike (/Users/sudhanshugaur/Downloads/helpdesk_project-main/frontend/node_modules/@babel/parser/lib/index.js:12767:17)
      at JSXParserMixin.parseStatementListItem (/Users/sudhanshugaur/Downloads/helpdesk_project-main/frontend/node_modules/@babel/parser/lib/index.js:12747:17)
      at JSXParserMixin.parseBlockOrModuleBlockBody (/Users/sudhanshugaur/Downloads/helpdesk_project-main/frontend/node_modules/@babel/parser/lib/index.js:13316:61)
      at JSXParserMixin.parseBlockBody (/Users/sudhanshugaur/Downloads/helpdesk_project-main/frontend/node_modules/@babel/parser/lib/index.js:13309:10)
      at JSXParserMixin.parseBlock (/Users/sudhanshugaur/Downloads/helpdesk_project-main/frontend/node_modules/@babel/parser/lib/index.js:13297:10)
      at JSXParserMixin.parseFunctionBody (/Users/sudhanshugaur/Downloads/helpdesk_project-main/frontend/node_modules/@babel/parser/lib/index.js:12100:24)
      at JSXParserMixin.parseArrowExpression (/Users/sudhanshugaur/Downloads/helpdesk_project-main/frontend/node_modules/@babel/parser/lib/index.js:12075:10)
      at JSXParserMixin.parseParenAndDistinguishExpression (/Users/sudhanshugaur/Downloads/helpdesk_project-main/frontend/node_modules/@babel/parser/lib/index.js:11687:12)
      at JSXParserMixin.parseExprAtom (/Users/sudhanshugaur/Downloads/helpdesk_project-main/frontend/node_modules/@babel/parser/lib/index.js:11331:23)
      at JSXParserMixin.parseExprAtom (/Users/sudhanshugaur/Downloads/helpdesk_project-main/frontend/node_modules/@babel/parser/lib/index.js:4764:20)
      at JSXParserMixin.parseExprSubscripts (/Users/sudhanshugaur/Downloads/helpdesk_project-main/frontend/node_modules/@babel/parser/lib/index.js:11081:23)
      at JSXParserMixin.parseUpdate (/Users/sudhanshugaur/Downloads/helpdesk_project-main/frontend/node_modules/@babel/parser/lib/index.js:11066:21)
      at JSXParserMixin.parseMaybeUnary (/Users/sudhanshugaur/Downloads/helpdesk_project-main/frontend/node_modules/@babel/parser/lib/index.js:11046:23)
      at JSXParserMixin.parseMaybeUnaryOrPrivate (/Users/sudhanshugaur/Downloads/helpdesk_project-main/frontend/node_modules/@babel/parser/lib/index.js:10899:61)
      at JSXParserMixin.parseExprOps (/Users/sudhanshugaur/Downloads/helpdesk_project-main/frontend/node_modules/@babel/parser/lib/index.js:10904:23)
      at JSXParserMixin.parseMaybeConditional (/Users/sudhanshugaur/Downloads/helpdesk_project-main/frontend/node_modules/@babel/parser/lib/index.js:10881:23)
      at JSXParserMixin.parseMaybeAssign (/Users/sudhanshugaur/Downloads/helpdesk_project-main/frontend/node_modules/@babel/parser/lib/index.js:10831:21)
      at /Users/sudhanshugaur/Downloads/helpdesk_project-main/frontend/node_modules/@babel/parser/lib/index.js:10800:39
      at JSXParserMixin.allowInAnd (/Users/sudhanshugaur/Downloads/helpdesk_project-main/frontend/node_modules/@babel/parser/lib/index.js:12421:16)
      at JSXParserMixin.parseMaybeAssignAllowIn (/Users/sudhanshugaur/Downloads/helpdesk_project-main/frontend/node_modules/@babel/parser/lib/index.js:10800:17)
      at JSXParserMixin.parseVar (/Users/sudhanshugaur/Downloads/helpdesk_project-main/frontend/node_modules/@babel/parser/lib/index.js:13384:91)
      at JSXParserMixin.parseVarStatement (/Users/sudhanshugaur/Downloads/helpdesk_project-main/frontend/node_modules/@babel/parser/lib/index.js:13230:10)
      at JSXParserMixin.parseStatementContent (/Users/sudhanshugaur/Downloads/helpdesk_project-main/frontend/node_modules/@babel/parser/lib/index.js:12851:23)
      at JSXParserMixin.parseStatementLike (/Users/sudhanshugaur/Downloads/helpdesk_project-main/frontend/node_modules/@babel/parser/lib/index.js:12767:17)
      at JSXParserMixin.parseModuleItem (/Users/sudhanshugaur/Downloads/helpdesk_project-main/frontend/node_modules/@babel/parser/lib/index.js:12744:17)
      at JSXParserMixin.parseBlockOrModuleBlockBody (/Users/sudhanshugaur/Downloads/helpdesk_project-main/frontend/node_modules/@babel/parser/lib/index.js:13316:36)
      at JSXParserMixin.parseBlockBody (/Users/sudhanshugaur/Downloads/helpdesk_project-main/frontend/node_modules/@babel/parser/lib/index.js:13309:10)
      at JSXParserMixin.parseProgram (/Users/sudhanshugaur/Downloads/helpdesk_project-main/frontend/node_modules/@babel/parser/lib/index.js:12622:10)
      at JSXParserMixin.parseTopLevel (/Users/sudhanshugaur/Downloads/helpdesk_project-main/frontend/node_modules/@babel/parser/lib/index.js:12612:25)
      at JSXParserMixin.parse (/Users/sudhanshugaur/Downloads/helpdesk_project-main/frontend/node_modules/@babel/parser/lib/index.js:14488:25)
      at parse (/Users/sudhanshugaur/Downloads/helpdesk_project-main/frontend/node_modules/@babel/parser/lib/index.js:14522:38)
      at parser (/Users/sudhanshugaur/Downloads/helpdesk_project-main/frontend/node_modules/@babel/core/lib/parser/index.js:41:34)
      at parser.next (<anonymous>)
10:27:14 PM [vite] hmr update /src/pages/TicketCreate.jsx, /src/index.css
10:27:42 PM [vite] hmr update /src/pages/Dashboard.jsx, /src/index.css
10:27:43 PM [vite] Internal server error: /Users/sudhanshugaur/Downloads/helpdesk_project-main/frontend/src/pages/Dashboard.jsx: Unterminated JSX contents. (177:14)

  175 |                 </div>
  176 |             </div>
> 177 |         </div>
      |               ^
  178 |     );
  179 | };
  180 |
  Plugin: vite:react-babel
  File: /Users/sudhanshugaur/Downloads/helpdesk_project-main/frontend/src/pages/Dashboard.jsx:177:14
  175|                  </div>
  176|              </div>
  177|          </div>
     |                ^
  178|      );
  179|  };
      at constructor (/Users/sudhanshugaur/Downloads/helpdesk_project-main/frontend/node_modules/@babel/parser/lib/index.js:365:19)
      at JSXParserMixin.raise (/Users/sudhanshugaur/Downloads/helpdesk_project-main/frontend/node_modules/@babel/parser/lib/index.js:6599:19)
      at JSXParserMixin.jsxReadToken (/Users/sudhanshugaur/Downloads/helpdesk_project-main/frontend/node_modules/@babel/parser/lib/index.js:4448:20)
      at JSXParserMixin.getTokenFromCode (/Users/sudhanshugaur/Downloads/helpdesk_project-main/frontend/node_modules/@babel/parser/lib/index.js:4774:12)
      at JSXParserMixin.nextToken (/Users/sudhanshugaur/Downloads/helpdesk_project-main/frontend/node_modules/@babel/parser/lib/index.js:5782:10)
      at JSXParserMixin.next (/Users/sudhanshugaur/Downloads/helpdesk_project-main/frontend/node_modules/@babel/parser/lib/index.js:5692:10)
      at JSXParserMixin.eat (/Users/sudhanshugaur/Downloads/helpdesk_project-main/frontend/node_modules/@babel/parser/lib/index.js:5696:12)
      at JSXParserMixin.expect (/Users/sudhanshugaur/Downloads/helpdesk_project-main/frontend/node_modules/@babel/parser/lib/index.js:6898:15)
      at JSXParserMixin.jsxParseClosingElementAt (/Users/sudhanshugaur/Downloads/helpdesk_project-main/frontend/node_modules/@babel/parser/lib/index.js:4680:10)
      at JSXParserMixin.jsxParseElementAt (/Users/sudhanshugaur/Downloads/helpdesk_project-main/frontend/node_modules/@babel/parser/lib/index.js:4695:37)
      at JSXParserMixin.jsxParseElementAt (/Users/sudhanshugaur/Downloads/helpdesk_project-main/frontend/node_modules/@babel/parser/lib/index.js:4698:32)
      at JSXParserMixin.jsxParseElement (/Users/sudhanshugaur/Downloads/helpdesk_project-main/frontend/node_modules/@babel/parser/lib/index.js:4749:17)
      at JSXParserMixin.parseExprAtom (/Users/sudhanshugaur/Downloads/helpdesk_project-main/frontend/node_modules/@babel/parser/lib/index.js:4759:19)
      at JSXParserMixin.parseExprSubscripts (/Users/sudhanshugaur/Downloads/helpdesk_project-main/frontend/node_modules/@babel/parser/lib/index.js:11081:23)
      at JSXParserMixin.parseUpdate (/Users/sudhanshugaur/Downloads/helpdesk_project-main/frontend/node_modules/@babel/parser/lib/index.js:11066:21)
      at JSXParserMixin.parseMaybeUnary (/Users/sudhanshugaur/Downloads/helpdesk_project-main/frontend/node_modules/@babel/parser/lib/index.js:11046:23)
      at JSXParserMixin.parseMaybeUnaryOrPrivate (/Users/sudhanshugaur/Downloads/helpdesk_project-main/frontend/node_modules/@babel/parser/lib/index.js:10899:61)
      at JSXParserMixin.parseExprOps (/Users/sudhanshugaur/Downloads/helpdesk_project-main/frontend/node_modules/@babel/parser/lib/index.js:10904:23)
      at JSXParserMixin.parseMaybeConditional (/Users/sudhanshugaur/Downloads/helpdesk_project-main/frontend/node_modules/@babel/parser/lib/index.js:10881:23)
      at JSXParserMixin.parseMaybeAssign (/Users/sudhanshugaur/Downloads/helpdesk_project-main/frontend/node_modules/@babel/parser/lib/index.js:10831:21)
      at /Users/sudhanshugaur/Downloads/helpdesk_project-main/frontend/node_modules/@babel/parser/lib/index.js:10800:39
      at JSXParserMixin.allowInAnd (/Users/sudhanshugaur/Downloads/helpdesk_project-main/frontend/node_modules/@babel/parser/lib/index.js:12426:12)
      at JSXParserMixin.parseMaybeAssignAllowIn (/Users/sudhanshugaur/Downloads/helpdesk_project-main/frontend/node_modules/@babel/parser/lib/index.js:10800:17)
      at JSXParserMixin.parseMaybeAssignAllowInOrVoidPattern (/Users/sudhanshugaur/Downloads/helpdesk_project-main/frontend/node_modules/@babel/parser/lib/index.js:12493:17)
      at JSXParserMixin.parseParenAndDistinguishExpression (/Users/sudhanshugaur/Downloads/helpdesk_project-main/frontend/node_modules/@babel/parser/lib/index.js:11675:28)
      at JSXParserMixin.parseExprAtom (/Users/sudhanshugaur/Downloads/helpdesk_project-main/frontend/node_modules/@babel/parser/lib/index.js:11331:23)
      at JSXParserMixin.parseExprAtom (/Users/sudhanshugaur/Downloads/helpdesk_project-main/frontend/node_modules/@babel/parser/lib/index.js:4764:20)
      at JSXParserMixin.parseExprSubscripts (/Users/sudhanshugaur/Downloads/helpdesk_project-main/frontend/node_modules/@babel/parser/lib/index.js:11081:23)
      at JSXParserMixin.parseUpdate (/Users/sudhanshugaur/Downloads/helpdesk_project-main/frontend/node_modules/@babel/parser/lib/index.js:11066:21)
      at JSXParserMixin.parseMaybeUnary (/Users/sudhanshugaur/Downloads/helpdesk_project-main/frontend/node_modules/@babel/parser/lib/index.js:11046:23)
      at JSXParserMixin.parseMaybeUnaryOrPrivate (/Users/sudhanshugaur/Downloads/helpdesk_project-main/frontend/node_modules/@babel/parser/lib/index.js:10899:61)
      at JSXParserMixin.parseExprOps (/Users/sudhanshugaur/Downloads/helpdesk_project-main/frontend/node_modules/@babel/parser/lib/index.js:10904:23)
      at JSXParserMixin.parseMaybeConditional (/Users/sudhanshugaur/Downloads/helpdesk_project-main/frontend/node_modules/@babel/parser/lib/index.js:10881:23)
      at JSXParserMixin.parseMaybeAssign (/Users/sudhanshugaur/Downloads/helpdesk_project-main/frontend/node_modules/@babel/parser/lib/index.js:10831:21)
      at JSXParserMixin.parseExpressionBase (/Users/sudhanshugaur/Downloads/helpdesk_project-main/frontend/node_modules/@babel/parser/lib/index.js:10784:23)
      at /Users/sudhanshugaur/Downloads/helpdesk_project-main/frontend/node_modules/@babel/parser/lib/index.js:10780:39
      at JSXParserMixin.allowInAnd (/Users/sudhanshugaur/Downloads/helpdesk_project-main/frontend/node_modules/@babel/parser/lib/index.js:12421:16)
      at JSXParserMixin.parseExpression (/Users/sudhanshugaur/Downloads/helpdesk_project-main/frontend/node_modules/@babel/parser/lib/index.js:10780:17)
      at JSXParserMixin.parseReturnStatement (/Users/sudhanshugaur/Downloads/helpdesk_project-main/frontend/node_modules/@babel/parser/lib/index.js:13142:28)
      at JSXParserMixin.parseStatementContent (/Users/sudhanshugaur/Downloads/helpdesk_project-main/frontend/node_modules/@babel/parser/lib/index.js:12798:21)
      at JSXParserMixin.parseStatementLike (/Users/sudhanshugaur/Downloads/helpdesk_project-main/frontend/node_modules/@babel/parser/lib/index.js:12767:17)
      at JSXParserMixin.parseStatementListItem (/Users/sudhanshugaur/Downloads/helpdesk_project-main/frontend/node_modules/@babel/parser/lib/index.js:12747:17)
      at JSXParserMixin.parseBlockOrModuleBlockBody (/Users/sudhanshugaur/Downloads/helpdesk_project-main/frontend/node_modules/@babel/parser/lib/index.js:13316:61)
      at JSXParserMixin.parseBlockBody (/Users/sudhanshugaur/Downloads/helpdesk_project-main/frontend/node_modules/@babel/parser/lib/index.js:13309:10)
      at JSXParserMixin.parseBlock (/Users/sudhanshugaur/Downloads/helpdesk_project-main/frontend/node_modules/@babel/parser/lib/index.js:13297:10)
      at JSXParserMixin.parseFunctionBody (/Users/sudhanshugaur/Downloads/helpdesk_project-main/frontend/node_modules/@babel/parser/lib/index.js:12100:24)
      at JSXParserMixin.parseArrowExpression (/Users/sudhanshugaur/Downloads/helpdesk_project-main/frontend/node_modules/@babel/parser/lib/index.js:12075:10)
      at JSXParserMixin.parseParenAndDistinguishExpression (/Users/sudhanshugaur/Downloads/helpdesk_project-main/frontend/node_modules/@babel/parser/lib/index.js:11687:12)
      at JSXParserMixin.parseExprAtom (/Users/sudhanshugaur/Downloads/helpdesk_project-main/frontend/node_modules/@babel/parser/lib/index.js:11331:23)
      at JSXParserMixin.parseExprAtom (/Users/sudhanshugaur/Downloads/helpdesk_project-main/frontend/node_modules/@babel/parser/lib/index.js:4764:20)
10:28:11 PM [vite] hmr update /src/pages/Dashboard.jsx, /src/index.css
10:51:26 PM [vite] hmr update /src/context/AuthContext.jsx, /src/index.css, /src/pages/Dashboard.jsx, /src/pages/TicketCreate.jsx, /src/pages/TicketList.jsx, /src/pages/Reports.jsx, /src/pages/TicketDetail.jsx, /src/pages/AdminPanel.jsx, /src/components/DynamicForm.jsx
10:51:26 PM [vite] hmr invalidate /src/context/AuthContext.jsx Could not Fast Refresh ("default" export is incompatible). Learn more at https://github.com/vitejs/vite-plugin-react/tree/main/packages/plugin-react#consistent-components-exports
10:51:26 PM [vite] page reload src/context/AuthContext.jsx
10:51:28 PM [vite] hmr update /src/context/AuthContext.jsx, /src/index.css
10:55:32 PM [vite] hmr update /src/pages/AdminPanel.jsx, /src/index.css
10:57:35 PM [vite] hmr update /src/pages/AdminPanel.jsx, /src/index.css
